<?xml version="1.0" encoding="UTF-8"?>
<!-- Generated by org.testng.reporters.JUnitReportReporter -->
<testsuite hostname="srinivas" name="com.orange_hrms.TestLoginPage" tests="1" failures="0" timestamp="30 Nov 2016 10:42:14 GMT" time="6.323" errors="0">
  <testcase name="verfyValidLogin" time="6.323" classname="com.orange_hrms.TestLoginPage"/>
</testsuite> <!-- com.orange_hrms.TestLoginPage -->
