<?xml version="1.0" encoding="UTF-8"?>
<!-- Generated by org.testng.reporters.JUnitReportReporter -->
<testsuite hostname="srinivas" name="com.orange_hrms.TestHomePage" tests="8" failures="1" timestamp="30 Nov 2016 10:42:14 GMT" time="1.652" errors="0">
  <testcase name="verifyLinkedinIcon" time="0.173" classname="com.orange_hrms.TestHomePage"/>
  <testcase name="verifyYouTubeIcon" time="0.168" classname="com.orange_hrms.TestHomePage"/>
  <testcase name="verifyLogo" time="0.078" classname="com.orange_hrms.TestHomePage">
    <failure type="org.openqa.selenium.InvalidSelectorException" message="The given selector //img[@src=&#039;/webres_5807100ccf9d88.89058111/themes/default/images/login/logo.png&#039; is either invalid or does not result in a WebElement. The following error occurred:
InvalidSelectorError: Unable to locate an element with the xpath expression //img[@src=&#039;/webres_5807100ccf9d88.89058111/themes/default/images/login/logo.png&#039; because of the following error:
SyntaxError: The expression is not a legal expression.
Command duration or timeout: 31 milliseconds
For documentation on this error, please visit: http://seleniumhq.org/exceptions/invalid_selector_exception.html
Build info: version: &#039;2.45.0&#039;, revision: &#039;5017cb8e7ca8e37638dc3091b2440b90a1d8686f&#039;, time: &#039;2015-02-27 09:10:26&#039;
System info: host: &#039;srinivas&#039;, ip: &#039;192.168.70.1&#039;, os.name: &#039;Windows 8.1&#039;, os.arch: &#039;amd64&#039;, os.version: &#039;6.3&#039;, java.version: &#039;1.8.0_65&#039;
Driver info: org.openqa.selenium.firefox.FirefoxDriver
Capabilities [{applicationCacheEnabled=true, rotatable=false, handlesAlerts=true, databaseEnabled=true, version=32.0, platform=WINDOWS, nativeEvents=false, acceptSslCerts=true, webStorageEnabled=true, locationContextEnabled=true, browserName=firefox, takesScreenshot=true, javascriptEnabled=true, cssSelectorsEnabled=true}]
Session ID: 3e039f41-8ce5-4861-8b40-101ff15b6bfa
*** Element info: {Using=xpath, value=//img[@src=&#039;/webres_5807100ccf9d88.89058111/themes/default/images/login/logo.png&#039;}">
      <![CDATA[org.openqa.selenium.InvalidSelectorException: The given selector //img[@src='/webres_5807100ccf9d88.89058111/themes/default/images/login/logo.png' is either invalid or does not result in a WebElement. The following error occurred:
InvalidSelectorError: Unable to locate an element with the xpath expression //img[@src='/webres_5807100ccf9d88.89058111/themes/default/images/login/logo.png' because of the following error:
SyntaxError: The expression is not a legal expression.
Command duration or timeout: 31 milliseconds
For documentation on this error, please visit: http://seleniumhq.org/exceptions/invalid_selector_exception.html
Build info: version: '2.45.0', revision: '5017cb8e7ca8e37638dc3091b2440b90a1d8686f', time: '2015-02-27 09:10:26'
System info: host: 'srinivas', ip: '192.168.70.1', os.name: 'Windows 8.1', os.arch: 'amd64', os.version: '6.3', java.version: '1.8.0_65'
Driver info: org.openqa.selenium.firefox.FirefoxDriver
Capabilities [{applicationCacheEnabled=true, rotatable=false, handlesAlerts=true, databaseEnabled=true, version=32.0, platform=WINDOWS, nativeEvents=false, acceptSslCerts=true, webStorageEnabled=true, locationContextEnabled=true, browserName=firefox, takesScreenshot=true, javascriptEnabled=true, cssSelectorsEnabled=true}]
Session ID: 3e039f41-8ce5-4861-8b40-101ff15b6bfa
*** Element info: {Using=xpath, value=//img[@src='/webres_5807100ccf9d88.89058111/themes/default/images/login/logo.png'}
	at sun.reflect.NativeConstructorAccessorImpl.newInstance0(Native Method)
	at sun.reflect.NativeConstructorAccessorImpl.newInstance(NativeConstructorAccessorImpl.java:62)
	at sun.reflect.DelegatingConstructorAccessorImpl.newInstance(DelegatingConstructorAccessorImpl.java:45)
	at java.lang.reflect.Constructor.newInstance(Constructor.java:422)
	at org.openqa.selenium.remote.ErrorHandler.createThrowable(ErrorHandler.java:204)
	at org.openqa.selenium.remote.ErrorHandler.throwIfResponseFailed(ErrorHandler.java:156)
	at org.openqa.selenium.remote.RemoteWebDriver.execute(RemoteWebDriver.java:599)
	at org.openqa.selenium.remote.RemoteWebDriver.findElement(RemoteWebDriver.java:352)
	at org.openqa.selenium.remote.RemoteWebDriver.findElementByXPath(RemoteWebDriver.java:449)
	at org.openqa.selenium.By$ByXPath.findElement(By.java:357)
	at org.openqa.selenium.remote.RemoteWebDriver.findElement(RemoteWebDriver.java:344)
	at org.openqa.selenium.support.pagefactory.DefaultElementLocator.findElement(DefaultElementLocator.java:59)
	at org.openqa.selenium.support.pagefactory.internal.LocatingElementHandler.invoke(LocatingElementHandler.java:37)
	at com.sun.proxy.$Proxy8.isDisplayed(Unknown Source)
	at com.page_objects.HomePage.Logo(HomePage.java:50)
	at com.orange_hrms.TestHomePage.verifyLogo(TestHomePage.java:39)
	at sun.reflect.NativeMethodAccessorImpl.invoke0(Native Method)
	at sun.reflect.NativeMethodAccessorImpl.invoke(NativeMethodAccessorImpl.java:62)
	at sun.reflect.DelegatingMethodAccessorImpl.invoke(DelegatingMethodAccessorImpl.java:43)
	at java.lang.reflect.Method.invoke(Method.java:497)
	at org.testng.internal.MethodInvocationHelper.invokeMethod(MethodInvocationHelper.java:80)
	at org.testng.internal.Invoker.invokeMethod(Invoker.java:714)
	at org.testng.internal.Invoker.invokeTestMethod(Invoker.java:901)
	at org.testng.internal.Invoker.invokeTestMethods(Invoker.java:1231)
	at org.testng.internal.TestMethodWorker.invokeTestMethods(TestMethodWorker.java:127)
	at org.testng.internal.TestMethodWorker.run(TestMethodWorker.java:111)
	at java.util.concurrent.ThreadPoolExecutor.runWorker(ThreadPoolExecutor.java:1142)
	at java.util.concurrent.ThreadPoolExecutor$Worker.run(ThreadPoolExecutor.java:617)
	at java.lang.Thread.run(Thread.java:745)
Caused by: org.openqa.selenium.InvalidSelectorException: The given selector //img[@src='/webres_5807100ccf9d88.89058111/themes/default/images/login/logo.png' is either invalid or does not result in a WebElement. The following error occurred:
InvalidSelectorError: Unable to locate an element with the xpath expression //img[@src='/webres_5807100ccf9d88.89058111/themes/default/images/login/logo.png' because of the following error:
SyntaxError: The expression is not a legal expression.
For documentation on this error, please visit: http://seleniumhq.org/exceptions/invalid_selector_exception.html
Build info: version: '2.45.0', revision: '5017cb8e7ca8e37638dc3091b2440b90a1d8686f', time: '2015-02-27 09:10:26'
System info: host: 'srinivas', ip: '192.168.70.1', os.name: 'Windows 8.1', os.arch: 'amd64', os.version: '6.3', java.version: '1.8.0_65'
Driver info: driver.version: unknown
	at <anonymous class>.FirefoxDriver.annotateInvalidSelectorError_(file:///C:/WINDOWS/TEMP/anonymous484427687973673766webdriver-profile/extensions/fxdriver@googlecode.com/components/driver-component.js:10245)
	at <anonymous class>.FirefoxDriver.prototype.findElementInternal_(file:///C:/WINDOWS/TEMP/anonymous484427687973673766webdriver-profile/extensions/fxdriver@googlecode.com/components/driver-component.js:10276)
	at <anonymous class>.FirefoxDriver.prototype.findElement(file:///C:/WINDOWS/TEMP/anonymous484427687973673766webdriver-profile/extensions/fxdriver@googlecode.com/components/driver-component.js:10280)
	at <anonymous class>.DelayedCommand.prototype.executeInternal_/h(file:///C:/WINDOWS/TEMP/anonymous484427687973673766webdriver-profile/extensions/fxdriver@googlecode.com/components/command-processor.js:12274)
	at <anonymous class>.DelayedCommand.prototype.executeInternal_(file:///C:/WINDOWS/TEMP/anonymous484427687973673766webdriver-profile/extensions/fxdriver@googlecode.com/components/command-processor.js:12279)
	at <anonymous class>.DelayedCommand.prototype.execute/<(file:///C:/WINDOWS/TEMP/anonymous484427687973673766webdriver-profile/extensions/fxdriver@googlecode.com/components/command-processor.js:12221)
]]>
    </failure>
  </testcase> <!-- verifyLogo -->
  <testcase name="verifyLinkText" time="0.189" classname="com.orange_hrms.TestHomePage"/>
  <testcase name="verifyHRMSHomePage" time="0.413" classname="com.orange_hrms.TestHomePage"/>
  <testcase name="verifyLoginImmage" time="0.299" classname="com.orange_hrms.TestHomePage"/>
  <testcase name="verifyTwitIcon" time="0.163" classname="com.orange_hrms.TestHomePage"/>
  <testcase name="verifyFacebookIcon" time="0.169" classname="com.orange_hrms.TestHomePage"/>
</testsuite> <!-- com.orange_hrms.TestHomePage -->
