<?xml version="1.0" encoding="UTF-8"?>
<!-- Generated by org.testng.reporters.JUnitReportReporter -->
<testsuite hostname="srinivas" name="com.orange_hrms.TestHomePage" tests="1" failures="0" timestamp="20 Nov 2016 15:08:53 GMT" time="20.466" errors="0">
  <testcase name="verifyHRMSHomePage" time="20.466" classname="com.orange_hrms.TestHomePage"/>
</testsuite> <!-- com.orange_hrms.TestHomePage -->
