<?xml version="1.0" encoding="UTF-8"?>
<!-- Generated by org.testng.reporters.JUnitReportReporter -->
<testsuite hostname="srinivas" name="com.orange_hrms.TestLoginPage" tests="1" failures="0" timestamp="29 Nov 2016 13:42:28 GMT" time="7.331" errors="0">
  <testcase name="verfyValidLogin" time="7.331" classname="com.orange_hrms.TestLoginPage"/>
</testsuite> <!-- com.orange_hrms.TestLoginPage -->
