<?xml version="1.0" encoding="UTF-8"?>
<!-- Generated by org.testng.reporters.JUnitReportReporter -->
<testsuite hostname="srinivas" name="com.orange_hrms.HrmsHome" tests="1" failures="0" timestamp="19 Nov 2016 19:01:46 GMT" time="0.143" errors="0">
  <testcase name="verifyURL" time="0.143" classname="com.orange_hrms.HrmsHome"/>
</testsuite> <!-- com.orange_hrms.HrmsHome -->
