<?xml version="1.0" encoding="UTF-8"?>
<!-- Generated by org.testng.reporters.JUnitReportReporter -->
<testsuite hostname="srinivas" name="com.orange_hrms.Welcome" tests="1" failures="0" timestamp="6 Nov 2016 10:40:09 GMT" time="2.562" errors="0">
  <testcase name="googlehome" time="2.562" classname="com.orange_hrms.Welcome"/>
</testsuite> <!-- com.orange_hrms.Welcome -->
