<?xml version="1.0" encoding="UTF-8"?>
<!-- Generated by org.testng.reporters.JUnitReportReporter -->
<testsuite hostname="srinivas" name="com.orange_hrms.Welcome" tests="1" failures="0" timestamp="12 Nov 2016 17:53:06 GMT" time="3.149" errors="0">
  <testcase name="googlehome" time="3.149" classname="com.orange_hrms.Welcome"/>
</testsuite> <!-- com.orange_hrms.Welcome -->
