<?xml version="1.0" encoding="UTF-8"?>
<!-- Generated by org.testng.reporters.JUnitReportReporter -->
<testsuite hostname="srinivas" name="com.orange_hrms.TestLoginPage" tests="1" failures="0" timestamp="20 Nov 2016 15:08:53 GMT" time="21.997" errors="0">
  <testcase name="verfyValidLogin" time="21.997" classname="com.orange_hrms.TestLoginPage"/>
</testsuite> <!-- com.orange_hrms.TestLoginPage -->
